TN:
SF:D:\Vue-fullstack\movie_rating\src\components\AddMovie.vue
FN:46,(anonymous_0)
FN:53,(anonymous_1)
FN:56,(anonymous_2)
FN:57,(anonymous_3)
FN:60,(anonymous_4)
FNF:5
FNH:5
FNDA:3,(anonymous_0)
FNDA:3,(anonymous_1)
FNDA:3,(anonymous_2)
FNDA:3,(anonymous_3)
FNDA:3,(anonymous_4)
DA:46,3
DA:53,3
DA:56,3
DA:57,3
DA:60,3
DA:72,0
DA:73,0
DA:79,0
DA:80,0
DA:85,0
DA:86,0
DA:88,0
DA:91,0
LF:13
LH:5
BRDA:53,0,0,3
BRDA:53,0,1,3
BRDA:56,1,0,3
BRDA:56,1,1,3
BRDA:57,2,0,3
BRDA:57,2,1,0
BRDA:57,2,2,3
BRDA:60,3,0,3
BRDA:60,3,1,3
BRDA:72,4,0,0
BRDA:72,4,1,0
BRF:11
BRH:8
end_of_record
TN:
SF:D:\Vue-fullstack\movie_rating\src\App.vue
FN:64,(anonymous_0)
FN:77,(anonymous_1)
FN:86,(anonymous_2)
FN:89,(anonymous_3)
FN:97,(anonymous_4)
FN:101,(anonymous_5)
FNF:6
FNH:0
FNDA:0,(anonymous_0)
FNDA:0,(anonymous_1)
FNDA:0,(anonymous_2)
FNDA:0,(anonymous_3)
FNDA:0,(anonymous_4)
FNDA:0,(anonymous_5)
DA:64,0
DA:72,0
DA:73,0
DA:77,0
DA:78,0
DA:82,0
DA:87,0
DA:93,0
DA:98,0
DA:99,0
LF:10
LH:0
BRF:0
BRH:0
end_of_record
TN:
SF:D:\Vue-fullstack\movie_rating\src\bus.js
FNF:0
FNH:0
DA:3,1
LF:1
LH:1
BRF:0
BRH:0
end_of_record
TN:
SF:D:\Vue-fullstack\movie_rating\src\components\Home.vue
FNF:0
FNH:0
DA:27,0
DA:31,0
LF:2
LH:0
BRF:0
BRH:0
end_of_record
TN:
SF:D:\Vue-fullstack\movie_rating\src\components\Login.vue
FN:39,(anonymous_0)
FN:44,(anonymous_1)
FN:45,(anonymous_2)
FN:61,(anonymous_3)
FN:66,(anonymous_4)
FNF:5
FNH:0
FNDA:0,(anonymous_0)
FNDA:0,(anonymous_1)
FNDA:0,(anonymous_2)
FNDA:0,(anonymous_3)
FNDA:0,(anonymous_4)
DA:39,0
DA:44,0
DA:45,0
DA:50,0
DA:62,0
DA:63,0
DA:64,0
DA:67,0
DA:68,0
DA:69,0
DA:73,0
LF:11
LH:0
BRDA:44,0,0,0
BRDA:44,0,1,0
BRDA:45,1,0,0
BRDA:45,1,1,0
BRF:4
BRH:0
end_of_record
TN:
SF:D:\Vue-fullstack\movie_rating\src\components\Movie.vue
FN:66,(anonymous_0)
FN:78,(anonymous_1)
FN:81,(anonymous_2)
FN:92,(anonymous_3)
FN:95,(anonymous_4)
FNF:5
FNH:0
FNDA:0,(anonymous_0)
FNDA:0,(anonymous_1)
FNDA:0,(anonymous_2)
FNDA:0,(anonymous_3)
FNDA:0,(anonymous_4)
DA:24,1
DA:26,1
DA:30,1
DA:32,1
DA:35,0
DA:45,1
DA:50,0
DA:55,0
DA:59,0
DA:67,0
DA:68,0
DA:79,0
DA:82,0
DA:83,0
DA:88,0
DA:93,0
LF:16
LH:5
BRF:0
BRH:0
end_of_record
TN:
SF:D:\Vue-fullstack\movie_rating\src\components\Register.vue
FN:37,(anonymous_0)
FN:44,(anonymous_1)
FN:45,(anonymous_2)
FN:63,(anonymous_3)
FN:71,(anonymous_4)
FNF:5
FNH:0
FNDA:0,(anonymous_0)
FNDA:0,(anonymous_1)
FNDA:0,(anonymous_2)
FNDA:0,(anonymous_3)
FNDA:0,(anonymous_4)
DA:37,0
DA:44,0
DA:45,0
DA:50,0
DA:51,0
DA:64,0
DA:69,0
DA:72,0
DA:73,0
DA:76,0
DA:79,0
LF:11
LH:0
BRDA:44,0,0,0
BRDA:44,0,1,0
BRDA:45,1,0,0
BRDA:45,1,1,0
BRDA:50,2,0,0
BRDA:50,2,1,0
BRF:6
BRH:0
end_of_record
TN:
SF:D:\Vue-fullstack\movie_rating\src\router\index.js
FNF:0
FNH:0
DA:10,1
LF:1
LH:1
BRF:0
BRH:0
end_of_record
TN:
SF:D:\Vue-fullstack\movie_rating\src\store\store.js
FN:12,(anonymous_0)
FN:15,(anonymous_1)
FN:18,(anonymous_2)
FN:23,(anonymous_3)
FN:32,(anonymous_4)
FN:35,(anonymous_5)
FN:43,(anonymous_6)
FN:48,(anonymous_7)
FN:51,(anonymous_8)
FNF:9
FNH:0
FNDA:0,(anonymous_0)
FNDA:0,(anonymous_1)
FNDA:0,(anonymous_2)
FNDA:0,(anonymous_3)
FNDA:0,(anonymous_4)
FNDA:0,(anonymous_5)
FNDA:0,(anonymous_6)
FNDA:0,(anonymous_7)
FNDA:0,(anonymous_8)
DA:5,1
DA:7,1
DA:12,0
DA:16,0
DA:19,0
DA:24,0
DA:33,0
DA:36,0
DA:44,0
DA:49,0
LF:10
LH:2
BRF:0
BRH:0
end_of_record
